[2016-04-06 23:36:01.687] [ERROR] serverError - Error
[2016-04-06 23:36:01.687] [ERROR] serverError - Can't set headers after they are sent.
[2016-04-06 23:36:01.687] [ERROR] serverError - Error: Can't set headers after they are sent.
    at ServerResponse.OutgoingMessage.setHeader (_http_outgoing.js:346:11)
    at Array.write (/Users/Nomand/Documents/base/blog/node_modules/express/node_modules/finalhandler/index.js:126:9)
    at listener (/Users/Nomand/Documents/base/blog/node_modules/express/node_modules/on-finished/index.js:169:15)
    at onFinish (/Users/Nomand/Documents/base/blog/node_modules/express/node_modules/on-finished/index.js:100:5)
    at callback (/Users/Nomand/Documents/base/blog/node_modules/express/node_modules/on-finished/node_modules/ee-first/index.js:55:10)
    at IncomingMessage.onevent (/Users/Nomand/Documents/base/blog/node_modules/express/node_modules/on-finished/node_modules/ee-first/index.js:93:5)
    at emitNone (events.js:67:13)
    at IncomingMessage.emit (events.js:166:7)
    at endReadableNT (_stream_readable.js:905:12)
    at doNTCallback2 (node.js:450:9)
    at process._tickCallback (node.js:364:17)
[2016-04-06 23:36:01.687] [ERROR] serverError - 

[2016-04-06 23:36:01.689] [ERROR] console - Error: Failed to lookup view "error" in views directory "/Users/Nomand/Documents/base/blog/src/api.t-tom.me/server/views"
    at EventEmitter.render (/Users/Nomand/Documents/base/blog/node_modules/express/lib/application.js:579:17)
    at ServerResponse.render (/Users/Nomand/Documents/base/blog/node_modules/express/lib/response.js:961:7)
    at /Users/Nomand/Documents/base/blog/src/api.t-tom.me/server/app.js:89:7
    at Layer.handle_error (/Users/Nomand/Documents/base/blog/node_modules/express/lib/router/layer.js:71:5)
    at trim_prefix (/Users/Nomand/Documents/base/blog/node_modules/express/lib/router/index.js:310:13)
    at /Users/Nomand/Documents/base/blog/node_modules/express/lib/router/index.js:280:7
    at Function.process_params (/Users/Nomand/Documents/base/blog/node_modules/express/lib/router/index.js:330:12)
    at IncomingMessage.next (/Users/Nomand/Documents/base/blog/node_modules/express/lib/router/index.js:271:10)
    at res.render.done (/Users/Nomand/Documents/base/blog/node_modules/express/lib/response.js:956:25)
    at EventEmitter.render (/Users/Nomand/Documents/base/blog/node_modules/express/lib/application.js:581:14)
    at ServerResponse.render (/Users/Nomand/Documents/base/blog/node_modules/express/lib/response.js:961:7)
    at /Users/Nomand/Documents/base/blog/src/api.t-tom.me/server/app.js:78:9
    at Layer.handle_error (/Users/Nomand/Documents/base/blog/node_modules/express/lib/router/layer.js:71:5)
    at trim_prefix (/Users/Nomand/Documents/base/blog/node_modules/express/lib/router/index.js:310:13)
    at /Users/Nomand/Documents/base/blog/node_modules/express/lib/router/index.js:280:7
    at Function.process_params (/Users/Nomand/Documents/base/blog/node_modules/express/lib/router/index.js:330:12)
[2016-04-06 23:36:34.474] [ERROR] serverError - Error
[2016-04-06 23:36:34.475] [ERROR] serverError - Can't set headers after they are sent.
[2016-04-06 23:36:34.475] [ERROR] serverError - Error: Can't set headers after they are sent.
    at ServerResponse.OutgoingMessage.setHeader (_http_outgoing.js:346:11)
    at Array.write (/Users/Nomand/Documents/base/blog/node_modules/express/node_modules/finalhandler/index.js:126:9)
    at listener (/Users/Nomand/Documents/base/blog/node_modules/express/node_modules/on-finished/index.js:169:15)
    at onFinish (/Users/Nomand/Documents/base/blog/node_modules/express/node_modules/on-finished/index.js:100:5)
    at callback (/Users/Nomand/Documents/base/blog/node_modules/express/node_modules/on-finished/node_modules/ee-first/index.js:55:10)
    at IncomingMessage.onevent (/Users/Nomand/Documents/base/blog/node_modules/express/node_modules/on-finished/node_modules/ee-first/index.js:93:5)
    at emitNone (events.js:67:13)
    at IncomingMessage.emit (events.js:166:7)
    at endReadableNT (_stream_readable.js:905:12)
    at doNTCallback2 (node.js:450:9)
    at process._tickCallback (node.js:364:17)
[2016-04-06 23:36:34.475] [ERROR] serverError - 

[2016-04-06 23:36:34.477] [ERROR] console - Error: Failed to lookup view "error" in views directory "/Users/Nomand/Documents/base/blog/src/api.t-tom.me/server/views"
    at EventEmitter.render (/Users/Nomand/Documents/base/blog/node_modules/express/lib/application.js:579:17)
    at ServerResponse.render (/Users/Nomand/Documents/base/blog/node_modules/express/lib/response.js:961:7)
    at /Users/Nomand/Documents/base/blog/src/api.t-tom.me/server/app.js:89:7
    at Layer.handle_error (/Users/Nomand/Documents/base/blog/node_modules/express/lib/router/layer.js:71:5)
    at trim_prefix (/Users/Nomand/Documents/base/blog/node_modules/express/lib/router/index.js:310:13)
    at /Users/Nomand/Documents/base/blog/node_modules/express/lib/router/index.js:280:7
    at Function.process_params (/Users/Nomand/Documents/base/blog/node_modules/express/lib/router/index.js:330:12)
    at IncomingMessage.next (/Users/Nomand/Documents/base/blog/node_modules/express/lib/router/index.js:271:10)
    at res.render.done (/Users/Nomand/Documents/base/blog/node_modules/express/lib/response.js:956:25)
    at EventEmitter.render (/Users/Nomand/Documents/base/blog/node_modules/express/lib/application.js:581:14)
    at ServerResponse.render (/Users/Nomand/Documents/base/blog/node_modules/express/lib/response.js:961:7)
    at /Users/Nomand/Documents/base/blog/src/api.t-tom.me/server/app.js:78:9
    at Layer.handle_error (/Users/Nomand/Documents/base/blog/node_modules/express/lib/router/layer.js:71:5)
    at trim_prefix (/Users/Nomand/Documents/base/blog/node_modules/express/lib/router/index.js:310:13)
    at /Users/Nomand/Documents/base/blog/node_modules/express/lib/router/index.js:280:7
    at Function.process_params (/Users/Nomand/Documents/base/blog/node_modules/express/lib/router/index.js:330:12)
[2016-04-06 23:36:38.391] [ERROR] serverError - Error
[2016-04-06 23:36:38.392] [ERROR] serverError - Can't set headers after they are sent.
[2016-04-06 23:36:38.392] [ERROR] serverError - Error: Can't set headers after they are sent.
    at ServerResponse.OutgoingMessage.setHeader (_http_outgoing.js:346:11)
    at Array.write (/Users/Nomand/Documents/base/blog/node_modules/express/node_modules/finalhandler/index.js:126:9)
    at listener (/Users/Nomand/Documents/base/blog/node_modules/express/node_modules/on-finished/index.js:169:15)
    at onFinish (/Users/Nomand/Documents/base/blog/node_modules/express/node_modules/on-finished/index.js:100:5)
    at callback (/Users/Nomand/Documents/base/blog/node_modules/express/node_modules/on-finished/node_modules/ee-first/index.js:55:10)
    at IncomingMessage.onevent (/Users/Nomand/Documents/base/blog/node_modules/express/node_modules/on-finished/node_modules/ee-first/index.js:93:5)
    at emitNone (events.js:67:13)
    at IncomingMessage.emit (events.js:166:7)
    at endReadableNT (_stream_readable.js:905:12)
    at doNTCallback2 (node.js:450:9)
    at process._tickCallback (node.js:364:17)
[2016-04-06 23:36:38.393] [ERROR] serverError - 

[2016-04-06 23:36:38.394] [ERROR] console - Error: Failed to lookup view "error" in views directory "/Users/Nomand/Documents/base/blog/src/api.t-tom.me/server/views"
    at EventEmitter.render (/Users/Nomand/Documents/base/blog/node_modules/express/lib/application.js:579:17)
    at ServerResponse.render (/Users/Nomand/Documents/base/blog/node_modules/express/lib/response.js:961:7)
    at /Users/Nomand/Documents/base/blog/src/api.t-tom.me/server/app.js:89:7
    at Layer.handle_error (/Users/Nomand/Documents/base/blog/node_modules/express/lib/router/layer.js:71:5)
    at trim_prefix (/Users/Nomand/Documents/base/blog/node_modules/express/lib/router/index.js:310:13)
    at /Users/Nomand/Documents/base/blog/node_modules/express/lib/router/index.js:280:7
    at Function.process_params (/Users/Nomand/Documents/base/blog/node_modules/express/lib/router/index.js:330:12)
    at IncomingMessage.next (/Users/Nomand/Documents/base/blog/node_modules/express/lib/router/index.js:271:10)
    at res.render.done (/Users/Nomand/Documents/base/blog/node_modules/express/lib/response.js:956:25)
    at EventEmitter.render (/Users/Nomand/Documents/base/blog/node_modules/express/lib/application.js:581:14)
    at ServerResponse.render (/Users/Nomand/Documents/base/blog/node_modules/express/lib/response.js:961:7)
    at /Users/Nomand/Documents/base/blog/src/api.t-tom.me/server/app.js:78:9
    at Layer.handle_error (/Users/Nomand/Documents/base/blog/node_modules/express/lib/router/layer.js:71:5)
    at trim_prefix (/Users/Nomand/Documents/base/blog/node_modules/express/lib/router/index.js:310:13)
    at /Users/Nomand/Documents/base/blog/node_modules/express/lib/router/index.js:280:7
    at Function.process_params (/Users/Nomand/Documents/base/blog/node_modules/express/lib/router/index.js:330:12)
[2016-04-06 23:36:46.577] [ERROR] serverError - Error
[2016-04-06 23:36:46.577] [ERROR] serverError - Can't set headers after they are sent.
[2016-04-06 23:36:46.578] [ERROR] serverError - Error: Can't set headers after they are sent.
    at ServerResponse.OutgoingMessage.setHeader (_http_outgoing.js:346:11)
    at Array.write (/Users/Nomand/Documents/base/blog/node_modules/express/node_modules/finalhandler/index.js:126:9)
    at listener (/Users/Nomand/Documents/base/blog/node_modules/express/node_modules/on-finished/index.js:169:15)
    at onFinish (/Users/Nomand/Documents/base/blog/node_modules/express/node_modules/on-finished/index.js:100:5)
    at callback (/Users/Nomand/Documents/base/blog/node_modules/express/node_modules/on-finished/node_modules/ee-first/index.js:55:10)
    at IncomingMessage.onevent (/Users/Nomand/Documents/base/blog/node_modules/express/node_modules/on-finished/node_modules/ee-first/index.js:93:5)
    at emitNone (events.js:67:13)
    at IncomingMessage.emit (events.js:166:7)
    at endReadableNT (_stream_readable.js:905:12)
    at doNTCallback2 (node.js:450:9)
    at process._tickCallback (node.js:364:17)
[2016-04-06 23:36:46.578] [ERROR] serverError - 

[2016-04-06 23:36:46.581] [ERROR] console - Error: Failed to lookup view "error" in views directory "/Users/Nomand/Documents/base/blog/src/api.t-tom.me/server/views"
    at EventEmitter.render (/Users/Nomand/Documents/base/blog/node_modules/express/lib/application.js:579:17)
    at ServerResponse.render (/Users/Nomand/Documents/base/blog/node_modules/express/lib/response.js:961:7)
    at /Users/Nomand/Documents/base/blog/src/api.t-tom.me/server/app.js:89:7
    at Layer.handle_error (/Users/Nomand/Documents/base/blog/node_modules/express/lib/router/layer.js:71:5)
    at trim_prefix (/Users/Nomand/Documents/base/blog/node_modules/express/lib/router/index.js:310:13)
    at /Users/Nomand/Documents/base/blog/node_modules/express/lib/router/index.js:280:7
    at Function.process_params (/Users/Nomand/Documents/base/blog/node_modules/express/lib/router/index.js:330:12)
    at IncomingMessage.next (/Users/Nomand/Documents/base/blog/node_modules/express/lib/router/index.js:271:10)
    at res.render.done (/Users/Nomand/Documents/base/blog/node_modules/express/lib/response.js:956:25)
    at EventEmitter.render (/Users/Nomand/Documents/base/blog/node_modules/express/lib/application.js:581:14)
    at ServerResponse.render (/Users/Nomand/Documents/base/blog/node_modules/express/lib/response.js:961:7)
    at /Users/Nomand/Documents/base/blog/src/api.t-tom.me/server/app.js:78:9
    at Layer.handle_error (/Users/Nomand/Documents/base/blog/node_modules/express/lib/router/layer.js:71:5)
    at trim_prefix (/Users/Nomand/Documents/base/blog/node_modules/express/lib/router/index.js:310:13)
    at /Users/Nomand/Documents/base/blog/node_modules/express/lib/router/index.js:280:7
    at Function.process_params (/Users/Nomand/Documents/base/blog/node_modules/express/lib/router/index.js:330:12)
[2016-04-06 23:37:07.030] [ERROR] serverError - Error
[2016-04-06 23:37:07.031] [ERROR] serverError - Can't set headers after they are sent.
[2016-04-06 23:37:07.031] [ERROR] serverError - Error: Can't set headers after they are sent.
    at ServerResponse.OutgoingMessage.setHeader (_http_outgoing.js:346:11)
    at Array.write (/Users/Nomand/Documents/base/blog/node_modules/express/node_modules/finalhandler/index.js:126:9)
    at listener (/Users/Nomand/Documents/base/blog/node_modules/express/node_modules/on-finished/index.js:169:15)
    at onFinish (/Users/Nomand/Documents/base/blog/node_modules/express/node_modules/on-finished/index.js:100:5)
    at callback (/Users/Nomand/Documents/base/blog/node_modules/express/node_modules/on-finished/node_modules/ee-first/index.js:55:10)
    at IncomingMessage.onevent (/Users/Nomand/Documents/base/blog/node_modules/express/node_modules/on-finished/node_modules/ee-first/index.js:93:5)
    at emitNone (events.js:67:13)
    at IncomingMessage.emit (events.js:166:7)
    at endReadableNT (_stream_readable.js:905:12)
    at doNTCallback2 (node.js:450:9)
    at process._tickCallback (node.js:364:17)
[2016-04-06 23:37:07.031] [ERROR] serverError - 

[2016-04-06 23:37:07.033] [ERROR] console - Error: Failed to lookup view "error" in views directory "/Users/Nomand/Documents/base/blog/src/api.t-tom.me/server/views"
    at EventEmitter.render (/Users/Nomand/Documents/base/blog/node_modules/express/lib/application.js:579:17)
    at ServerResponse.render (/Users/Nomand/Documents/base/blog/node_modules/express/lib/response.js:961:7)
    at /Users/Nomand/Documents/base/blog/src/api.t-tom.me/server/app.js:89:7
    at Layer.handle_error (/Users/Nomand/Documents/base/blog/node_modules/express/lib/router/layer.js:71:5)
    at trim_prefix (/Users/Nomand/Documents/base/blog/node_modules/express/lib/router/index.js:310:13)
    at /Users/Nomand/Documents/base/blog/node_modules/express/lib/router/index.js:280:7
    at Function.process_params (/Users/Nomand/Documents/base/blog/node_modules/express/lib/router/index.js:330:12)
    at IncomingMessage.next (/Users/Nomand/Documents/base/blog/node_modules/express/lib/router/index.js:271:10)
    at res.render.done (/Users/Nomand/Documents/base/blog/node_modules/express/lib/response.js:956:25)
    at EventEmitter.render (/Users/Nomand/Documents/base/blog/node_modules/express/lib/application.js:581:14)
    at ServerResponse.render (/Users/Nomand/Documents/base/blog/node_modules/express/lib/response.js:961:7)
    at /Users/Nomand/Documents/base/blog/src/api.t-tom.me/server/app.js:78:9
    at Layer.handle_error (/Users/Nomand/Documents/base/blog/node_modules/express/lib/router/layer.js:71:5)
    at trim_prefix (/Users/Nomand/Documents/base/blog/node_modules/express/lib/router/index.js:310:13)
    at /Users/Nomand/Documents/base/blog/node_modules/express/lib/router/index.js:280:7
    at Function.process_params (/Users/Nomand/Documents/base/blog/node_modules/express/lib/router/index.js:330:12)
[2016-04-06 23:37:35.704] [ERROR] serverError - Error
[2016-04-06 23:37:35.705] [ERROR] serverError - Can't set headers after they are sent.
[2016-04-06 23:37:35.705] [ERROR] serverError - Error: Can't set headers after they are sent.
    at ServerResponse.OutgoingMessage.setHeader (_http_outgoing.js:346:11)
    at Array.write (/Users/Nomand/Documents/base/blog/node_modules/express/node_modules/finalhandler/index.js:126:9)
    at listener (/Users/Nomand/Documents/base/blog/node_modules/express/node_modules/on-finished/index.js:169:15)
    at onFinish (/Users/Nomand/Documents/base/blog/node_modules/express/node_modules/on-finished/index.js:100:5)
    at callback (/Users/Nomand/Documents/base/blog/node_modules/express/node_modules/on-finished/node_modules/ee-first/index.js:55:10)
    at IncomingMessage.onevent (/Users/Nomand/Documents/base/blog/node_modules/express/node_modules/on-finished/node_modules/ee-first/index.js:93:5)
    at emitNone (events.js:67:13)
    at IncomingMessage.emit (events.js:166:7)
    at endReadableNT (_stream_readable.js:905:12)
    at doNTCallback2 (node.js:450:9)
    at process._tickCallback (node.js:364:17)
[2016-04-06 23:37:35.705] [ERROR] serverError - 

[2016-04-06 23:37:35.707] [ERROR] console - Error: Failed to lookup view "error" in views directory "/Users/Nomand/Documents/base/blog/src/api.t-tom.me/server/views"
    at EventEmitter.render (/Users/Nomand/Documents/base/blog/node_modules/express/lib/application.js:579:17)
    at ServerResponse.render (/Users/Nomand/Documents/base/blog/node_modules/express/lib/response.js:961:7)
    at /Users/Nomand/Documents/base/blog/src/api.t-tom.me/server/app.js:89:7
    at Layer.handle_error (/Users/Nomand/Documents/base/blog/node_modules/express/lib/router/layer.js:71:5)
    at trim_prefix (/Users/Nomand/Documents/base/blog/node_modules/express/lib/router/index.js:310:13)
    at /Users/Nomand/Documents/base/blog/node_modules/express/lib/router/index.js:280:7
    at Function.process_params (/Users/Nomand/Documents/base/blog/node_modules/express/lib/router/index.js:330:12)
    at IncomingMessage.next (/Users/Nomand/Documents/base/blog/node_modules/express/lib/router/index.js:271:10)
    at res.render.done (/Users/Nomand/Documents/base/blog/node_modules/express/lib/response.js:956:25)
    at EventEmitter.render (/Users/Nomand/Documents/base/blog/node_modules/express/lib/application.js:581:14)
    at ServerResponse.render (/Users/Nomand/Documents/base/blog/node_modules/express/lib/response.js:961:7)
    at /Users/Nomand/Documents/base/blog/src/api.t-tom.me/server/app.js:78:9
    at Layer.handle_error (/Users/Nomand/Documents/base/blog/node_modules/express/lib/router/layer.js:71:5)
    at trim_prefix (/Users/Nomand/Documents/base/blog/node_modules/express/lib/router/index.js:310:13)
    at /Users/Nomand/Documents/base/blog/node_modules/express/lib/router/index.js:280:7
    at Function.process_params (/Users/Nomand/Documents/base/blog/node_modules/express/lib/router/index.js:330:12)
[2016-04-07 23:23:27.011] [ERROR] serverError - MongoError
[2016-04-07 23:23:27.012] [ERROR] serverError - getaddrinfo ENOTFOUND undefined undefined:27017
[2016-04-07 23:23:27.012] [ERROR] serverError - Error: getaddrinfo ENOTFOUND undefined undefined:27017
    at errnoException (dns.js:26:10)
    at GetAddrInfoReqWrap.onlookup [as oncomplete] (dns.js:77:26)
[2016-04-07 23:23:27.012] [ERROR] serverError - 

[2016-04-07 23:24:21.866] [ERROR] serverError - MongoError
[2016-04-07 23:24:21.866] [ERROR] serverError - getaddrinfo ENOTFOUND undefined undefined:27017
[2016-04-07 23:24:21.867] [ERROR] serverError - Error: getaddrinfo ENOTFOUND undefined undefined:27017
    at errnoException (dns.js:26:10)
    at GetAddrInfoReqWrap.onlookup [as oncomplete] (dns.js:77:26)
[2016-04-07 23:24:21.867] [ERROR] serverError - 

[2016-04-07 23:27:11.127] [ERROR] serverError - MongoError
[2016-04-07 23:27:11.127] [ERROR] serverError - getaddrinfo ENOTFOUND undefined undefined:27017
[2016-04-07 23:27:11.127] [ERROR] serverError - Error: getaddrinfo ENOTFOUND undefined undefined:27017
    at errnoException (dns.js:26:10)
    at GetAddrInfoReqWrap.onlookup [as oncomplete] (dns.js:77:26)
[2016-04-07 23:27:11.127] [ERROR] serverError - 

